<?xml version="1.0" encoding="UTF-8"?>
<!-- Generated by org.testng.reporters.JUnitReportReporter -->
<testsuite hostname="DESKTOP-5CR3OHQ" failures="0" tests="2" name="Test01_GET" time="3.055" errors="0" timestamp="2022-02-17T15:23:09 IST" skipped="0">
  <testcase classname="Test01_GET" name="test_02" time="1.224"/>
  <system-out/>
  <testcase classname="Test01_GET" name="test_01" time="1.831"/>
  <system-out/>
</testsuite> <!-- Test01_GET -->
