<?xml version="1.0" encoding="UTF-8"?>
<!-- Generated by org.testng.reporters.JUnitReportReporter -->
<testsuite hostname="DESKTOP-5CR3OHQ" failures="0" tests="1" name="Test_Logging" time="2.592" errors="0" timestamp="2022-02-19T18:54:20 IST" skipped="0">
  <testcase classname="Test_Logging" name="login" time="2.592"/>
  <system-out/>
</testsuite> <!-- Test_Logging -->
