<?xml version="1.0" encoding="UTF-8"?>
<!-- Generated by org.testng.reporters.JUnitReportReporter -->
<testsuite hostname="DESKTOP-5CR3OHQ" failures="0" tests="1" name="DataParameterize" time="2.653" errors="0" timestamp="2022-02-18T17:32:29 IST" skipped="0">
  <testcase classname="DataParameterize" name="test_delete" time="2.653"/>
  <system-out/>
</testsuite> <!-- DataParameterize -->
