<?xml version="1.0" encoding="UTF-8"?>
<!-- Generated by org.testng.reporters.JUnitReportReporter -->
<testsuite hostname="DESKTOP-5CR3OHQ" failures="0" tests="1" name="Negavite_log" time="2.182" errors="0" timestamp="2022-02-18T11:29:33 IST" skipped="0">
  <testcase classname="Negavite_log" name="login" time="2.182"/>
  <system-out/>
</testsuite> <!-- Negavite_log -->
