<?xml version="1.0" encoding="UTF-8"?>
<!-- Generated by org.testng.reporters.JUnitReportReporter -->
<testsuite hostname="DESKTOP-5CR3OHQ" failures="0" tests="2" name="Negative_Validation" time="2.921" errors="0" timestamp="2022-02-18T12:26:53 IST" skipped="0">
  <testcase classname="Negative_Validation" name="ValidateResponseStatus1" time="2.407"/>
  <system-out/>
  <testcase classname="Negative_Validation" name="ValidateResponseStatus2" time="0.514"/>
  <system-out/>
</testsuite> <!-- Negative_Validation -->
