<?xml version="1.0" encoding="UTF-8"?>
<!-- Generated by org.testng.reporters.JUnitReportReporter -->
<testsuite hostname="DESKTOP-5CR3OHQ" failures="0" tests="3" name="restAssure.ValidationResponseStatus" time="2.283" errors="0" timestamp="2022-02-18T12:01:27 IST" skipped="0">
  <testcase classname="restAssure.ValidationResponseStatus" name="ValidateResponseStatus1" time="1.937"/>
  <system-out/>
  <testcase classname="restAssure.ValidationResponseStatus" name="ValidateResponseStatus2" time="0.147"/>
  <system-out/>
  <testcase classname="restAssure.ValidationResponseStatus" name="ValidationResponseStatus" time="0.199"/>
  <system-out/>
</testsuite> <!-- restAssure.ValidationResponseStatus -->
