<?xml version="1.0" encoding="UTF-8"?>
<!-- Generated by org.testng.reporters.JUnitReportReporter -->
<testsuite hostname="DESKTOP-5CR3OHQ" failures="0" tests="3" name="StepDefination.definnation" time="2.566" errors="0" timestamp="2022-02-21T13:50:58 IST" skipped="0">
  <testcase classname="StepDefination.definnation" name="passing_values_from_get_method" time="2.344"/>
  <system-out/>
  <testcase classname="StepDefination.definnation" name="validate_response_received" time="0.219"/>
  <system-out/>
  <testcase classname="StepDefination.definnation" name="user_is_on_api" time="0.003"/>
  <system-out/>
</testsuite> <!-- StepDefination.definnation -->
